# JRE version: OpenJDK Runtime Environment Temurin-21.0.3+9 (21.0.3+9) (build 21.0.3+9-LTS)
# Java VM: OpenJDK 64-Bit Server VM Temurin-21.0.3+9 (21.0.3+9-LTS, mixed mode, tiered, compressed oops, compressed class ptrs, g1 gc, linux-amd64)
GC Precious Log:
 CardTable entry size: 512
 Card Set container configuration: InlinePtr #cards 4 size 8 Array Of Cards #cards 16 size 48 Howl #buckets 8 coarsen threshold 3686 Howl Bitmap #cards 512 size 80 coarsen threshold 460 Card regions per heap region 1 cards per card region 4096
 CPUs: 8 total, 8 available
 Memory: 15503M
 Large Page Support: Disabled
 NUMA Support: Disabled
 Compressed Oops: Enabled (Zero based)
 Heap Region Size: 2M
 Heap Min Capacity: 8M
 Heap Initial Capacity: 244M
 Heap Max Capacity: 3876M
 Pre-touch: Disabled
 Parallel Workers: 8
 Concurrent Workers: 2
 Concurrent Refinement Workers: 8
 Periodic GC: Disabled
Heap:
 garbage-first heap   total 376832K, used 322755K [0x000000070dc00000, 0x0000000800000000)
  region size 2048K, 88 young (180224K), 9 survivors (18432K)
 Metaspace       used 78622K, committed 79808K, reserved 1179648K
  class space    used 9736K, committed 10304K, reserved 1048576K
GC Heap History (20 events):
Event: 8.698 GC heap before
{Heap before GC invocations=18 (full 0):
 garbage-first heap   total 192512K, used 107549K [0x000000070dc00000, 0x0000000800000000)
  region size 2048K, 8 young (16384K), 5 survivors (10240K)
 Metaspace       used 45136K, committed 45888K, reserved 1114112K
  class space    used 5100K, committed 5440K, reserved 1048576K
}
Event: 8.703 GC heap after
{Heap after GC invocations=19 (full 0):
 garbage-first heap   total 192512K, used 97390K [0x000000070dc00000, 0x0000000800000000)
  region size 2048K, 2 young (4096K), 2 survivors (4096K)
 Metaspace       used 45136K, committed 45888K, reserved 1114112K
  class space    used 5100K, committed 5440K, reserved 1048576K
}
Event: 9.017 GC heap before
{Heap before GC invocations=20 (full 0):
 garbage-first heap   total 249856K, used 207982K [0x000000070dc00000, 0x0000000800000000)
  region size 2048K, 24 young (49152K), 2 survivors (4096K)
 Metaspace       used 45173K, committed 46016K, reserved 1114112K
  class space    used 5104K, committed 5504K, reserved 1048576K
}
Event: 9.027 GC heap after
{Heap after GC invocations=21 (full 0):
 garbage-first heap   total 249856K, used 173998K [0x000000070dc00000, 0x0000000800000000)
  region size 2048K, 3 young (6144K), 3 survivors (6144K)
 Metaspace       used 45173K, committed 46016K, reserved 1114112K
  class space    used 5104K, committed 5504K, reserved 1048576K
}
Event: 9.141 GC heap before
{Heap before GC invocations=21 (full 0):
 garbage-first heap   total 249856K, used 204718K [0x000000070dc00000, 0x0000000800000000)
  region size 2048K, 19 young (38912K), 3 survivors (6144K)
 Metaspace       used 45225K, committed 46016K, reserved 1114112K
  class space    used 5111K, committed 5504K, reserved 1048576K
}
Event: 9.151 GC heap after
{Heap after GC invocations=22 (full 0):
 garbage-first heap   total 249856K, used 152497K [0x000000070dc00000, 0x0000000800000000)
  region size 2048K, 3 young (6144K), 3 survivors (6144K)
 Metaspace       used 45225K, committed 46016K, reserved 1114112K
  class space    used 5111K, committed 5504K, reserved 1048576K
}
Event: 9.495 GC heap before
{Heap before GC invocations=22 (full 0):
 garbage-first heap   total 249856K, used 193457K [0x000000070dc00000, 0x0000000800000000)
  region size 2048K, 24 young (49152K), 3 survivors (6144K)
 Metaspace       used 47297K, committed 48128K, reserved 1114112K
  class space    used 5392K, committed 5760K, reserved 1048576K
}
Event: 9.503 GC heap after
{Heap after GC invocations=23 (full 0):
 garbage-first heap   total 413696K, used 157412K [0x000000070dc00000, 0x0000000800000000)
  region size 2048K, 2 young (4096K), 2 survivors (4096K)
 Metaspace       used 47297K, committed 48128K, reserved 1114112K
  class space    used 5392K, committed 5760K, reserved 1048576K
}
Event: 10.039 GC heap before
{Heap before GC invocations=24 (full 0):
 garbage-first heap   total 376832K, used 233188K [0x000000070dc00000, 0x0000000800000000)
  region size 2048K, 66 young (135168K), 2 survivors (4096K)
 Metaspace       used 50314K, committed 51072K, reserved 1114112K
  class space    used 5643K, committed 6016K, reserved 1048576K
}
Event: 10.046 GC heap after
{Heap after GC invocations=25 (full 0):
 garbage-first heap   total 376832K, used 114068K [0x000000070dc00000, 0x0000000800000000)
  region size 2048K, 8 young (16384K), 8 survivors (16384K)
 Metaspace       used 50314K, committed 51072K, reserved 1114112K
  class space    used 5643K, committed 6016K, reserved 1048576K
}
Event: 10.950 GC heap before
{Heap before GC invocations=25 (full 0):
 garbage-first heap   total 376832K, used 300436K [0x000000070dc00000, 0x0000000800000000)
  region size 2048K, 99 young (202752K), 8 survivors (16384K)
 Metaspace       used 60960K, committed 61888K, reserved 1114112K
  class space    used 7355K, committed 7808K, reserved 1048576K
}
Event: 10.961 GC heap after
{Heap after GC invocations=26 (full 0):
 garbage-first heap   total 376832K, used 113078K [0x000000070dc00000, 0x0000000800000000)
  region size 2048K, 13 young (26624K), 13 survivors (26624K)
 Metaspace       used 60960K, committed 61888K, reserved 1114112K
  class space    used 7355K, committed 7808K, reserved 1048576K
}
Event: 11.655 GC heap before
{Heap before GC invocations=26 (full 0):
 garbage-first heap   total 376832K, used 217526K [0x000000070dc00000, 0x0000000800000000)
  region size 2048K, 66 young (135168K), 13 survivors (26624K)
 Metaspace       used 64909K, committed 65792K, reserved 1114112K
  class space    used 8007K, committed 8448K, reserved 1048576K
}
Event: 11.671 GC heap after
{Heap after GC invocations=27 (full 0):
 garbage-first heap   total 376832K, used 134093K [0x000000070dc00000, 0x0000000800000000)
  region size 2048K, 10 young (20480K), 10 survivors (20480K)
 Metaspace       used 64909K, committed 65792K, reserved 1114112K
  class space    used 8007K, committed 8448K, reserved 1048576K
}
Event: 13.341 GC heap before
{Heap before GC invocations=28 (full 0):
 garbage-first heap   total 376832K, used 332749K [0x000000070dc00000, 0x0000000800000000)
  region size 2048K, 97 young (198656K), 10 survivors (20480K)
 Metaspace       used 68891K, committed 69888K, reserved 1114112K
  class space    used 8642K, committed 9152K, reserved 1048576K
}
Event: 13.353 GC heap after
{Heap after GC invocations=29 (full 0):
 garbage-first heap   total 376832K, used 143042K [0x000000070dc00000, 0x0000000800000000)
  region size 2048K, 5 young (10240K), 5 survivors (10240K)
 Metaspace       used 68891K, committed 69888K, reserved 1114112K
  class space    used 8642K, committed 9152K, reserved 1048576K
}
Event: 21.451 GC heap before
{Heap before GC invocations=29 (full 0):
 garbage-first heap   total 376832K, used 323266K [0x000000070dc00000, 0x0000000800000000)
  region size 2048K, 92 young (188416K), 5 survivors (10240K)
 Metaspace       used 77050K, committed 78208K, reserved 1179648K
  class space    used 9663K, committed 10240K, reserved 1048576K
}
Event: 21.458 GC heap after
{Heap after GC invocations=30 (full 0):
 garbage-first heap   total 376832K, used 141836K [0x000000070dc00000, 0x0000000800000000)
  region size 2048K, 6 young (12288K), 6 survivors (12288K)
 Metaspace       used 77050K, committed 78208K, reserved 1179648K
  class space    used 9663K, committed 10240K, reserved 1048576K
}
Event: 21.531 GC heap before
{Heap before GC invocations=30 (full 0):
 garbage-first heap   total 376832K, used 154124K [0x000000070dc00000, 0x0000000800000000)
  region size 2048K, 14 young (28672K), 6 survivors (12288K)
 Metaspace       used 77124K, committed 78272K, reserved 1179648K
  class space    used 9664K, committed 10240K, reserved 1048576K
}
Event: 21.540 GC heap after
{Heap after GC invocations=31 (full 0):
 garbage-first heap   total 376832K, used 148675K [0x000000070dc00000, 0x0000000800000000)
  region size 2048K, 9 young (18432K), 9 survivors (18432K)
 Metaspace       used 77124K, committed 78272K, reserved 1179648K
  class space    used 9664K, committed 10240K, reserved 1048576K
}

