# JRE version: OpenJDK Runtime Environment Temurin-21.0.3+9 (21.0.3+9) (build 21.0.3+9-LTS)
# Java VM: OpenJDK 64-Bit Server VM Temurin-21.0.3+9 (21.0.3+9-LTS, mixed mode, tiered, compressed oops, compressed class ptrs, g1 gc, linux-amd64)
GC Precious Log:
 CardTable entry size: 512
 Card Set container configuration: InlinePtr #cards 4 size 8 Array Of Cards #cards 16 size 48 Howl #buckets 8 coarsen threshold 3686 Howl Bitmap #cards 512 size 80 coarsen threshold 460 Card regions per heap region 1 cards per card region 4096
 CPUs: 8 total, 8 available
 Memory: 15503M
 Large Page Support: Disabled
 NUMA Support: Disabled
 Compressed Oops: Enabled (Zero based)
 Heap Region Size: 2M
 Heap Min Capacity: 8M
 Heap Initial Capacity: 244M
 Heap Max Capacity: 3876M
 Pre-touch: Disabled
 Parallel Workers: 8
 Concurrent Workers: 2
 Concurrent Refinement Workers: 8
 Periodic GC: Disabled
Heap:
 garbage-first heap   total 382976K, used 321309K [0x000000070dc00000, 0x0000000800000000)
  region size 2048K, 101 young (206848K), 13 survivors (26624K)
 Metaspace       used 68072K, committed 69120K, reserved 1114112K
  class space    used 8535K, committed 9024K, reserved 1048576K
GC Heap History (20 events):
Event: 9.585 GC heap after
{Heap after GC invocations=14 (full 0):
 garbage-first heap   total 98304K, used 47743K [0x000000070dc00000, 0x0000000800000000)
  region size 2048K, 3 young (6144K), 3 survivors (6144K)
 Metaspace       used 45043K, committed 45760K, reserved 1114112K
  class space    used 5096K, committed 5440K, reserved 1048576K
}
Event: 9.699 GC heap before
{Heap before GC invocations=14 (full 0):
 garbage-first heap   total 98304K, used 76415K [0x000000070dc00000, 0x0000000800000000)
  region size 2048K, 17 young (34816K), 3 survivors (6144K)
 Metaspace       used 45043K, committed 45760K, reserved 1114112K
  class space    used 5096K, committed 5440K, reserved 1048576K
}
Event: 9.709 GC heap after
{Heap after GC invocations=15 (full 0):
 garbage-first heap   total 98304K, used 56996K [0x000000070dc00000, 0x0000000800000000)
  region size 2048K, 3 young (6144K), 3 survivors (6144K)
 Metaspace       used 45043K, committed 45760K, reserved 1114112K
  class space    used 5096K, committed 5440K, reserved 1048576K
}
Event: 9.798 GC heap before
{Heap before GC invocations=15 (full 0):
 garbage-first heap   total 98304K, used 79524K [0x000000070dc00000, 0x0000000800000000)
  region size 2048K, 14 young (28672K), 3 survivors (6144K)
 Metaspace       used 45043K, committed 45760K, reserved 1114112K
  class space    used 5096K, committed 5440K, reserved 1048576K
}
Event: 9.810 GC heap after
{Heap after GC invocations=16 (full 0):
 garbage-first heap   total 143360K, used 63837K [0x000000070dc00000, 0x0000000800000000)
  region size 2048K, 2 young (4096K), 2 survivors (4096K)
 Metaspace       used 45043K, committed 45760K, reserved 1114112K
  class space    used 5096K, committed 5440K, reserved 1048576K
}
Event: 10.372 GC heap before
{Heap before GC invocations=17 (full 0):
 garbage-first heap   total 200704K, used 182621K [0x000000070dc00000, 0x0000000800000000)
  region size 2048K, 11 young (22528K), 2 survivors (4096K)
 Metaspace       used 45117K, committed 45888K, reserved 1114112K
  class space    used 5104K, committed 5504K, reserved 1048576K
}
Event: 10.380 GC heap after
{Heap after GC invocations=18 (full 0):
 garbage-first heap   total 200704K, used 103176K [0x000000070dc00000, 0x0000000800000000)
  region size 2048K, 2 young (4096K), 2 survivors (4096K)
 Metaspace       used 45117K, committed 45888K, reserved 1114112K
  class space    used 5104K, committed 5504K, reserved 1048576K
}
Event: 10.605 GC heap before
{Heap before GC invocations=18 (full 0):
 garbage-first heap   total 200704K, used 156424K [0x000000070dc00000, 0x0000000800000000)
  region size 2048K, 28 young (57344K), 2 survivors (4096K)
 Metaspace       used 45127K, committed 45952K, reserved 1114112K
  class space    used 5104K, committed 5504K, reserved 1048576K
}
Event: 10.632 GC heap after
{Heap after GC invocations=19 (full 0):
 garbage-first heap   total 200704K, used 106460K [0x000000070dc00000, 0x0000000800000000)
  region size 2048K, 4 young (8192K), 4 survivors (8192K)
 Metaspace       used 45127K, committed 45952K, reserved 1114112K
  class space    used 5104K, committed 5504K, reserved 1048576K
}
Event: 11.079 GC heap before
{Heap before GC invocations=19 (full 0):
 garbage-first heap   total 200704K, used 147420K [0x000000070dc00000, 0x0000000800000000)
  region size 2048K, 25 young (51200K), 4 survivors (8192K)
 Metaspace       used 47119K, committed 47936K, reserved 1114112K
  class space    used 5377K, committed 5760K, reserved 1048576K
}
Event: 11.092 GC heap after
{Heap after GC invocations=20 (full 0):
 garbage-first heap   total 200704K, used 112385K [0x000000070dc00000, 0x0000000800000000)
  region size 2048K, 4 young (8192K), 4 survivors (8192K)
 Metaspace       used 47119K, committed 47936K, reserved 1114112K
  class space    used 5377K, committed 5760K, reserved 1048576K
}
Event: 11.324 GC heap before
{Heap before GC invocations=21 (full 0):
 garbage-first heap   total 215040K, used 155393K [0x000000070dc00000, 0x0000000800000000)
  region size 2048K, 25 young (51200K), 4 survivors (8192K)
 Metaspace       used 47301K, committed 48064K, reserved 1114112K
  class space    used 5394K, committed 5760K, reserved 1048576K
}
Event: 11.335 GC heap after
{Heap after GC invocations=22 (full 0):
 garbage-first heap   total 215040K, used 117116K [0x000000070dc00000, 0x0000000800000000)
  region size 2048K, 4 young (8192K), 4 survivors (8192K)
 Metaspace       used 47301K, committed 48064K, reserved 1114112K
  class space    used 5394K, committed 5760K, reserved 1048576K
}
Event: 11.530 GC heap before
{Heap before GC invocations=22 (full 0):
 garbage-first heap   total 215040K, used 166268K [0x000000070dc00000, 0x0000000800000000)
  region size 2048K, 28 young (57344K), 4 survivors (8192K)
 Metaspace       used 47420K, committed 48128K, reserved 1114112K
  class space    used 5403K, committed 5760K, reserved 1048576K
}
Event: 11.546 GC heap after
{Heap after GC invocations=23 (full 0):
 garbage-first heap   total 215040K, used 119397K [0x000000070dc00000, 0x0000000800000000)
  region size 2048K, 3 young (6144K), 3 survivors (6144K)
 Metaspace       used 47420K, committed 48128K, reserved 1114112K
  class space    used 5403K, committed 5760K, reserved 1048576K
}
Event: 11.885 GC heap before
{Heap before GC invocations=23 (full 0):
 garbage-first heap   total 215040K, used 170597K [0x000000070dc00000, 0x0000000800000000)
  region size 2048K, 28 young (57344K), 3 survivors (6144K)
 Metaspace       used 49841K, committed 50624K, reserved 1114112K
  class space    used 5643K, committed 6016K, reserved 1048576K
}
Event: 11.889 GC heap after
{Heap after GC invocations=24 (full 0):
 garbage-first heap   total 405504K, used 121909K [0x000000070dc00000, 0x0000000800000000)
  region size 2048K, 2 young (4096K), 2 survivors (4096K)
 Metaspace       used 49841K, committed 50624K, reserved 1114112K
  class space    used 5643K, committed 6016K, reserved 1048576K
}
Event: 12.947 GC heap before
{Heap before GC invocations=25 (full 0):
 garbage-first heap   total 382976K, used 259125K [0x000000070dc00000, 0x0000000800000000)
  region size 2048K, 77 young (157696K), 2 survivors (4096K)
 Metaspace       used 59148K, committed 59968K, reserved 1114112K
  class space    used 7050K, committed 7424K, reserved 1048576K
}
Event: 12.960 GC heap after
{Heap after GC invocations=26 (full 0):
 garbage-first heap   total 382976K, used 120605K [0x000000070dc00000, 0x0000000800000000)
  region size 2048K, 9 young (18432K), 9 survivors (18432K)
 Metaspace       used 59148K, committed 59968K, reserved 1114112K
  class space    used 7050K, committed 7424K, reserved 1048576K
}
Event: 14.385 GC heap before
{Heap before GC invocations=26 (full 0):
 garbage-first heap   total 382976K, used 319261K [0x000000070dc00000, 0x0000000800000000)
  region size 2048K, 97 young (198656K), 9 survivors (18432K)
 Metaspace       used 68072K, committed 69120K, reserved 1114112K
  class space    used 8535K, committed 9024K, reserved 1048576K
}

